[slidesigma.com/themes/html/petitudio/index.html]
[backblue.gif]
[fade.gif]
[index.html]
[slidesigma.com/themes/html/petitudio/favicon.ico]
[slidesigma.com/themes/html/petitudio/assets/img/ig/3.jpg]
[slidesigma.com/themes/html/petitudio/assets/img/products/9.png]
[slidesigma.com/themes/html/petitudio/product-single.html]
[slidesigma.com/themes/html/petitudio/index-2.html]
[slidesigma.com/themes/html/petitudio/assets/img/logo.png]
[slidesigma.com/themes/html/petitudio/home-v2.html]
[slidesigma.com/themes/html/petitudio/blog-grid.html]
[slidesigma.com/themes/html/petitudio/home-v3.html]
[slidesigma.com/themes/html/petitudio/blog-list.html]
[slidesigma.com/themes/html/petitudio/blog-masonry.html]
[slidesigma.com/themes/html/petitudio/post-single.html]
[slidesigma.com/themes/html/petitudio/about-us.html]
[slidesigma.com/themes/html/petitudio/login.html]
[slidesigma.com/themes/html/petitudio/register.html]
[slidesigma.com/themes/html/petitudio/checkout.html]
[slidesigma.com/themes/html/petitudio/cart.html]
[slidesigma.com/themes/html/petitudio/wishlist.html]
[slidesigma.com/themes/html/petitudio/legal.html]
[slidesigma.com/themes/html/petitudio/error.html]
[slidesigma.com/themes/html/petitudio/shop-v1.html]
[slidesigma.com/themes/html/petitudio/shop-v2.html]
[slidesigma.com/themes/html/petitudio/shop-v3.html]
[slidesigma.com/themes/html/petitudio/shop-v4.html]
[slidesigma.com/themes/html/petitudio/contact-us.html]
[slidesigma.com/themes/html/petitudio/assets/img/megamenu/1.jpg]
[slidesigma.com/themes/html/petitudio/assets/img/megamenu/2.jpg]
[slidesigma.com/themes/html/petitudio/assets/img/megamenu/3.jpg]
[slidesigma.com/themes/html/petitudio/product-single-v2.html]
[slidesigma.com/themes/html/petitudio/assets/img/banner2.jpg]
[slidesigma.com/themes/html/petitudio/assets/img/products/4.png]
[slidesigma.com/themes/html/petitudio/assets/img/products/14.png]
[slidesigma.com/themes/html/petitudio/assets/img/products/6.png]
[slidesigma.com/themes/html/petitudio/assets/img/products/2.png]
[slidesigma.com/themes/html/petitudio/assets/img/products/5.png]
[slidesigma.com/themes/html/petitudio/assets/img/products/8.png]
[slidesigma.com/themes/html/petitudio/assets/img/products/7.png]
[slidesigma.com/themes/html/petitudio/assets/img/cta/1.jpg]
[slidesigma.com/themes/html/petitudio/assets/img/cta/2.jpg]
[slidesigma.com/themes/html/petitudio/assets/img/blog/11.jpg]
[slidesigma.com/themes/html/petitudio/assets/img/blog/2.jpg]
[slidesigma.com/themes/html/petitudio/assets/img/blog/3.jpg]
[slidesigma.com/themes/html/petitudio/assets/img/blog/4.jpg]
[slidesigma.com/themes/html/petitudio/assets/img/blog/10.jpg]
[slidesigma.com/themes/html/petitudio/assets/img/blog/5.jpg]
[slidesigma.com/themes/html/petitudio/assets/img/people/4.jpg]
[slidesigma.com/themes/html/petitudio/assets/img/products/10.png]
[slidesigma.com/themes/html/petitudio/assets/img/cta/3.jpg]
[slidesigma.com/themes/html/petitudio/assets/img/products/12.png]
[slidesigma.com/themes/html/petitudio/assets/img/ig/1.jpg]
[slidesigma.com/themes/html/petitudio/assets/img/ig/2.jpg]
[slidesigma.com/themes/html/petitudio/assets/img/ig/4.jpg]
[slidesigma.com/themes/html/petitudio/assets/img/ig/5.jpg]
[slidesigma.com/themes/html/petitudio/assets/img/ig/6.jpg]
[slidesigma.com/themes/html/petitudio/assets/img/android.png]
[slidesigma.com/themes/html/petitudio/assets/img/ios.png]
[slidesigma.com/themes/html/petitudio/assets/js/plugins/jquery-3.4.1.min.js]
[slidesigma.com/themes/html/petitudio/assets/js/plugins/popper.min.js]
[slidesigma.com/themes/html/petitudio/assets/js/plugins/waypoint.js]
[slidesigma.com/themes/html/petitudio/assets/js/plugins/bootstrap.min.js]
[slidesigma.com/themes/html/petitudio/assets/js/plugins/jquery.magnific-popup.min.js]
[slidesigma.com/themes/html/petitudio/assets/js/plugins/jquery.slimScroll.min.js]
[slidesigma.com/themes/html/petitudio/assets/js/plugins/imagesloaded.min.js]
[slidesigma.com/themes/html/petitudio/assets/js/plugins/jquery.steps.min.js]
[slidesigma.com/themes/html/petitudio/assets/js/plugins/jquery.countdown.min.js]
[slidesigma.com/themes/html/petitudio/assets/js/plugins/isotope.pkgd.min.js]
[slidesigma.com/themes/html/petitudio/assets/js/plugins/slick.min.js]
[slidesigma.com/themes/html/petitudio/assets/js/plugins/ion.rangeSlider.min.js]
[slidesigma.com/themes/html/petitudio/assets/js/plugins/jquery.zoom.min.js]
[slidesigma.com/themes/html/petitudio/assets/js/main.js]
[slidesigma.com/themes/html/petitudio/index.html]
[slidesigma.com/themes/html/petitudio/assets/css/plugins/bootstrap.min.css]
[slidesigma.com/themes/html/petitudio/assets/css/plugins/animate.min.css]
[slidesigma.com/themes/html/petitudio/assets/css/plugins/magnific-popup.css]
[slidesigma.com/themes/html/petitudio/assets/css/plugins/slick.css]
[slidesigma.com/themes/html/petitudio/assets/css/plugins/slick-theme.css]
[slidesigma.com/themes/html/petitudio/assets/css/plugins/ion.rangeSlider.min.css]
[slidesigma.com/themes/html/petitudio/assets/fonts/flaticon/Flaticon.eot]
[slidesigma.com/themes/html/petitudio/assets/fonts/flaticon/Flaticon.woff2]
[slidesigma.com/themes/html/petitudio/assets/fonts/flaticon/Flaticond41d.eot]
[slidesigma.com/themes/html/petitudio/assets/fonts/flaticon/Flaticon.woff]
[slidesigma.com/themes/html/petitudio/assets/fonts/flaticon/Flaticon.ttf]
[slidesigma.com/themes/html/petitudio/assets/fonts/flaticon/flaticon.css]
[slidesigma.com/themes/html/petitudio/assets/fonts/font-awesome/webfonts/fa-brands-400.eot]
[slidesigma.com/themes/html/petitudio/assets/fonts/font-awesome/webfonts/fa-brands-400.woff2]
[slidesigma.com/themes/html/petitudio/assets/fonts/font-awesome/webfonts/fa-brands-400d41d.eot]
[slidesigma.com/themes/html/petitudio/assets/fonts/font-awesome/webfonts/fa-brands-400.woff]
[slidesigma.com/themes/html/petitudio/assets/fonts/font-awesome/webfonts/fa-brands-400.ttf]
[slidesigma.com/themes/html/petitudio/assets/fonts/font-awesome/webfonts/fa-regular-400.eot]
[slidesigma.com/themes/html/petitudio/assets/fonts/font-awesome/webfonts/fa-regular-400.woff2]
[slidesigma.com/themes/html/petitudio/assets/fonts/font-awesome/webfonts/fa-regular-400d41d.eot]
[slidesigma.com/themes/html/petitudio/assets/fonts/font-awesome/webfonts/fa-regular-400.woff]
[slidesigma.com/themes/html/petitudio/assets/fonts/font-awesome/webfonts/fa-regular-400.ttf]
[slidesigma.com/themes/html/petitudio/assets/fonts/font-awesome/webfonts/fa-solid-900.eot]
[slidesigma.com/themes/html/petitudio/assets/fonts/font-awesome/webfonts/fa-solid-900.woff2]
[slidesigma.com/themes/html/petitudio/assets/fonts/font-awesome/webfonts/fa-solid-900d41d.eot]
[slidesigma.com/themes/html/petitudio/assets/fonts/font-awesome/webfonts/fa-solid-900.woff]
[slidesigma.com/themes/html/petitudio/assets/fonts/font-awesome/webfonts/fa-solid-900.ttf]
[slidesigma.com/themes/html/petitudio/assets/fonts/font-awesome/css/all.min.css]
[slidesigma.com/themes/html/petitudio/assets/img/bg.png]
[slidesigma.com/themes/html/petitudio/assets/img/banner.png]
[slidesigma.com/themes/html/petitudio/assets/css/style.css]
[slidesigma.com/themes/html/petitudio/assets/img/products/15.png]
[slidesigma.com/themes/html/petitudio/assets/img/people/1.jpg]
[slidesigma.com/themes/html/petitudio/assets/img/people/2.jpg]
[slidesigma.com/themes/html/petitudio/product-single.html]
[slidesigma.com/themes/html/petitudio/index-2.html]
[slidesigma.com/themes/html/petitudio/assets/img/products/13.png]
[slidesigma.com/themes/html/petitudio/assets/img/products/11.png]
[slidesigma.com/themes/html/petitudio/assets/img/products/3.png]
[slidesigma.com/themes/html/petitudio/assets/img/blog/1.jpg]
[slidesigma.com/themes/html/petitudio/assets/img/people/3.jpg]
[slidesigma.com/themes/html/petitudio/home-v2.html]
[slidesigma.com/themes/html/petitudio/assets/img/banner/1.jpg]
[slidesigma.com/themes/html/petitudio/assets/img/banner/2.jpg]
[slidesigma.com/themes/html/petitudio/assets/img/cta/4.jpg]
[slidesigma.com/themes/html/petitudio/assets/img/cta/5.jpg]
[slidesigma.com/themes/html/petitudio/assets/img/clients/1.png]
[slidesigma.com/themes/html/petitudio/assets/img/clients/2.png]
[slidesigma.com/themes/html/petitudio/assets/img/clients/3.png]
[slidesigma.com/themes/html/petitudio/assets/img/clients/4.png]
[slidesigma.com/themes/html/petitudio/assets/img/clients/5.png]
[slidesigma.com/themes/html/petitudio/assets/img/clients/6.png]
[slidesigma.com/themes/html/petitudio/assets/img/logo-light.png]
[slidesigma.com/themes/html/petitudio/home-v3.html]
[slidesigma.com/themes/html/petitudio/assets/img/blog/6.jpg]
[slidesigma.com/themes/html/petitudio/assets/img/blog/7.jpg]
[slidesigma.com/themes/html/petitudio/assets/img/blog/8.jpg]
[slidesigma.com/themes/html/petitudio/assets/img/blog/9.jpg]
[slidesigma.com/themes/html/petitudio/blog-grid.html]
[slidesigma.com/themes/html/petitudio/blog-list.html]
[slidesigma.com/themes/html/petitudio/assets/img/blog/12.jpg]
[slidesigma.com/themes/html/petitudio/blog-masonry.html]
[slidesigma.com/themes/html/petitudio/assets/img/blog/2-lg.jpg]
[slidesigma.com/themes/html/petitudio/assets/img/blog/1-lg.jpg]
[slidesigma.com/themes/html/petitudio/post-single.html]
[slidesigma.com/themes/html/petitudio/assets/img/about2.png]
[slidesigma.com/themes/html/petitudio/assets/img/about.jpg]
[slidesigma.com/themes/html/petitudio/about-us.html]
[slidesigma.com/themes/html/petitudio/assets/img/products/1.png]
[slidesigma.com/themes/html/petitudio/assets/img/auth.jpg]
[slidesigma.com/themes/html/petitudio/login.html]
[slidesigma.com/themes/html/petitudio/register.html]
[slidesigma.com/themes/html/petitudio/checkout.html]
[slidesigma.com/themes/html/petitudio/cart.html]
[slidesigma.com/themes/html/petitudio/wishlist.html]
[slidesigma.com/themes/html/petitudio/legal.html]
[slidesigma.com/themes/html/petitudio/assets/img/404.jpg]
[slidesigma.com/themes/html/petitudio/error.html]
[slidesigma.com/themes/html/petitudio/shop-v1.html]
[slidesigma.com/themes/html/petitudio/shop-v2.html]
[slidesigma.com/themes/html/petitudio/shop-v3.html]
[slidesigma.com/themes/html/petitudio/shop-v4.html]
[slidesigma.com/themes/html/petitudio/assets/img/locations/1.jpg]
[slidesigma.com/themes/html/petitudio/assets/img/locations/2.jpg]
[slidesigma.com/themes/html/petitudio/contact-us.html]
[slidesigma.com/themes/html/petitudio/product-single-v2.html]
[slidesigma.com/themes/html/petitudio/assets/fonts/flaticon/Flaticon.svg]
[slidesigma.com/themes/html/petitudio/assets/fonts/font-awesome/webfonts/fa-brands-400.svg]
[slidesigma.com/themes/html/petitudio/assets/fonts/font-awesome/webfonts/fa-regular-400.svg]
[slidesigma.com/themes/html/petitudio/assets/fonts/font-awesome/webfonts/fa-solid-900.svg]
[slidesigma.com/themes/html/petitudio/assets/img/bg.png]
[slidesigma.com/themes/html/petitudio/assets/img/banner/1.jpg]
[slidesigma.com/themes/html/petitudio/assets/img/banner/2.jpg]
[slidesigma.com/themes/html/petitudio/assets/img/blog/1-lg.jpg]
